[Cassette: 'snyk_v2_task_run'] Initialized with options: {:record=>:once, :record_on_error=>true, :match_requests_on=>[:method, :uri], :allow_unused_http_interactions=>true, :serialize_with=>:yaml, :persist_with=>:file_system, :persister_options=>{}}
[webmock] Handling request: [get http://169.254.169.254/latest/metadata/] (disabled: false)
[webmock] Identified request type (externally_stubbed) for [get http://169.254.169.254/latest/metadata/]
[webmock] Handling request: [get http://169.254.169.254/latest/metadata/] (disabled: false)
[webmock] Identified request type (externally_stubbed) for [get http://169.254.169.254/latest/metadata/]
[webmock] Handling request: [get https://api.eu.snyk.io/rest/orgs?version=2024-04-29] (disabled: false)
[webmock] Identified request type (externally_stubbed) for [get https://api.eu.snyk.io/rest/orgs?version=2024-04-29]
[webmock] Handling request: [get https://api.eu.snyk.io/rest/orgs/abcd1234-5678-90ef-ghij-klmnopqrstuv/projects?limit=100&version=2024-04-29] (disabled: false)
[VCR::Configuration] before_playback: replacing nil with "<AWS_ACCESS_KEY_ID>"
[VCR::Configuration] before_playback: replacing nil with "<AWS_SECRET_ACCESS_KEY>"
[VCR::Configuration] before_playback: replacing nil with "<GITHUB_TOKEN>"
[VCR::Configuration] before_playback: replacing nil with "<SNYK_API_TOKEN>"
[VCR::Configuration] before_playback: replacing nil with "<AWS_ACCESS_KEY_ID>"
[VCR::Configuration] before_playback: replacing nil with "<AWS_SECRET_ACCESS_KEY>"
[VCR::Configuration] before_playback: replacing nil with "<GITHUB_TOKEN>"
[VCR::Configuration] before_playback: replacing nil with "<SNYK_API_TOKEN>"
  [Cassette: 'snyk_v2_task_run'] Initialized HTTPInteractionList with request matchers [:method, :uri] and 2 interaction(s): { [get https://api.eu.snyk.io/rest/orgs/abcd1234-5678-90ef-ghij-klmnopqrstuv/projects?limit=100&version=2024-04-29] => [200 "{\"jsonapi\":{\"version\":\"1.0\"},\"data\":[{\"type\":\"project\",\"id\":\"abcd5678-1234-efgh-"], [get https://api.eu.snyk.io/rest/orgs/abcd1234-5678-90ef-ghij-klmnopqrstuv/issues?created_after=2024-07-03T00:00:00Z&created_before=2024-08-02T00:00:00Z&limit=10&version=2024-04-29] => [200 "{\"jsonapi\":{\"version\":\"1.0\"},\"links\":{\"self\":\"/rest/orgs/abcd1234-5678-90ef-ghij"] }
  [Cassette: 'snyk_v2_task_run'] Checking if [get https://api.eu.snyk.io/rest/orgs/abcd1234-5678-90ef-ghij-klmnopqrstuv/projects?limit=100&version=2024-04-29] matches [get https://api.eu.snyk.io/rest/orgs/abcd1234-5678-90ef-ghij-klmnopqrstuv/projects?limit=100&version=2024-04-29] using [:method, :uri]
    [Cassette: 'snyk_v2_task_run'] method (matched): current request [get https://api.eu.snyk.io/rest/orgs/abcd1234-5678-90ef-ghij-klmnopqrstuv/projects?limit=100&version=2024-04-29] vs [get https://api.eu.snyk.io/rest/orgs/abcd1234-5678-90ef-ghij-klmnopqrstuv/projects?limit=100&version=2024-04-29]
    [Cassette: 'snyk_v2_task_run'] uri (matched): current request [get https://api.eu.snyk.io/rest/orgs/abcd1234-5678-90ef-ghij-klmnopqrstuv/projects?limit=100&version=2024-04-29] vs [get https://api.eu.snyk.io/rest/orgs/abcd1234-5678-90ef-ghij-klmnopqrstuv/projects?limit=100&version=2024-04-29]
  [Cassette: 'snyk_v2_task_run'] Found matching interaction for [get https://api.eu.snyk.io/rest/orgs/abcd1234-5678-90ef-ghij-klmnopqrstuv/projects?limit=100&version=2024-04-29] at index 0: [200 "{\"jsonapi\":{\"version\":\"1.0\"},\"data\":[{\"type\":\"project\",\"id\":\"abcd5678-1234-efgh-"]
[webmock] Identified request type (stubbed_by_vcr) for [get https://api.eu.snyk.io/rest/orgs/abcd1234-5678-90ef-ghij-klmnopqrstuv/projects?limit=100&version=2024-04-29]
[webmock] Handling request: [get https://api.eu.snyk.io/rest/orgs/abcd1234-5678-90ef-ghij-klmnopqrstuv/issues?created_after=2024-07-13T00:00:00Z&created_before=2024-08-12T00:00:00Z&limit=10&version=2024-04-29] (disabled: false)
[webmock] Identified request type (externally_stubbed) for [get https://api.eu.snyk.io/rest/orgs/abcd1234-5678-90ef-ghij-klmnopqrstuv/issues?created_after=2024-07-13T00:00:00Z&created_before=2024-08-12T00:00:00Z&limit=10&version=2024-04-29]
[Cassette: 'snyk_v2_task_run'] Initialized with options: {:record=>:once, :record_on_error=>true, :match_requests_on=>[:method, :uri], :allow_unused_http_interactions=>true, :serialize_with=>:yaml, :persist_with=>:file_system, :persister_options=>{}}
[webmock] Handling request: [get http://169.254.169.254/latest/metadata/] (disabled: false)
[webmock] Identified request type (externally_stubbed) for [get http://169.254.169.254/latest/metadata/]
[webmock] Handling request: [get http://169.254.169.254/latest/metadata/] (disabled: false)
[webmock] Identified request type (externally_stubbed) for [get http://169.254.169.254/latest/metadata/]
[webmock] Handling request: [get https://api.eu.snyk.io/rest/orgs?version=2024-04-29] (disabled: false)
[webmock] Identified request type (externally_stubbed) for [get https://api.eu.snyk.io/rest/orgs?version=2024-04-29]
[webmock] Handling request: [get https://api.eu.snyk.io/rest/orgs/abcd1234-5678-90ef-ghij-klmnopqrstuv/projects?limit=100&version=2024-04-29] (disabled: false)
[VCR::Configuration] before_playback: replacing nil with "<AWS_ACCESS_KEY_ID>"
[VCR::Configuration] before_playback: replacing nil with "<AWS_SECRET_ACCESS_KEY>"
[VCR::Configuration] before_playback: replacing nil with "<GITHUB_TOKEN>"
[VCR::Configuration] before_playback: replacing nil with "<SNYK_API_TOKEN>"
[VCR::Configuration] before_playback: replacing nil with "<AWS_ACCESS_KEY_ID>"
[VCR::Configuration] before_playback: replacing nil with "<AWS_SECRET_ACCESS_KEY>"
[VCR::Configuration] before_playback: replacing nil with "<GITHUB_TOKEN>"
[VCR::Configuration] before_playback: replacing nil with "<SNYK_API_TOKEN>"
  [Cassette: 'snyk_v2_task_run'] Initialized HTTPInteractionList with request matchers [:method, :uri] and 2 interaction(s): { [get https://api.eu.snyk.io/rest/orgs/abcd1234-5678-90ef-ghij-klmnopqrstuv/projects?limit=100&version=2024-04-29] => [200 "{\"jsonapi\":{\"version\":\"1.0\"},\"data\":[{\"type\":\"project\",\"id\":\"abcd5678-1234-efgh-"], [get https://api.eu.snyk.io/rest/orgs/abcd1234-5678-90ef-ghij-klmnopqrstuv/issues?created_after=2024-07-03T00:00:00Z&created_before=2024-08-02T00:00:00Z&limit=10&version=2024-04-29] => [200 "{\"jsonapi\":{\"version\":\"1.0\"},\"links\":{\"self\":\"/rest/orgs/abcd1234-5678-90ef-ghij"] }
  [Cassette: 'snyk_v2_task_run'] Checking if [get https://api.eu.snyk.io/rest/orgs/abcd1234-5678-90ef-ghij-klmnopqrstuv/projects?limit=100&version=2024-04-29] matches [get https://api.eu.snyk.io/rest/orgs/abcd1234-5678-90ef-ghij-klmnopqrstuv/projects?limit=100&version=2024-04-29] using [:method, :uri]
    [Cassette: 'snyk_v2_task_run'] method (matched): current request [get https://api.eu.snyk.io/rest/orgs/abcd1234-5678-90ef-ghij-klmnopqrstuv/projects?limit=100&version=2024-04-29] vs [get https://api.eu.snyk.io/rest/orgs/abcd1234-5678-90ef-ghij-klmnopqrstuv/projects?limit=100&version=2024-04-29]
    [Cassette: 'snyk_v2_task_run'] uri (matched): current request [get https://api.eu.snyk.io/rest/orgs/abcd1234-5678-90ef-ghij-klmnopqrstuv/projects?limit=100&version=2024-04-29] vs [get https://api.eu.snyk.io/rest/orgs/abcd1234-5678-90ef-ghij-klmnopqrstuv/projects?limit=100&version=2024-04-29]
  [Cassette: 'snyk_v2_task_run'] Found matching interaction for [get https://api.eu.snyk.io/rest/orgs/abcd1234-5678-90ef-ghij-klmnopqrstuv/projects?limit=100&version=2024-04-29] at index 0: [200 "{\"jsonapi\":{\"version\":\"1.0\"},\"data\":[{\"type\":\"project\",\"id\":\"abcd5678-1234-efgh-"]
[webmock] Identified request type (stubbed_by_vcr) for [get https://api.eu.snyk.io/rest/orgs/abcd1234-5678-90ef-ghij-klmnopqrstuv/projects?limit=100&version=2024-04-29]
[webmock] Handling request: [get https://api.eu.snyk.io/rest/orgs/abcd1234-5678-90ef-ghij-klmnopqrstuv/issues?created_after=2024-07-13T00:00:00Z&created_before=2024-08-12T00:00:00Z&limit=10&version=2024-04-29] (disabled: false)
[webmock] Identified request type (externally_stubbed) for [get https://api.eu.snyk.io/rest/orgs/abcd1234-5678-90ef-ghij-klmnopqrstuv/issues?created_after=2024-07-13T00:00:00Z&created_before=2024-08-12T00:00:00Z&limit=10&version=2024-04-29]
